<?xml version="1.0" encoding="UTF-8"?>
<testsuite name="AnimalTests" tests="4" skipped="0" failures="0" errors="0" timestamp="2020-02-11T11:25:52" hostname="admin1-ThinkCentre-M72e" time="0.003">
  <properties/>
  <testcase name="TestDogEats" classname="AnimalTests" time="0.001"/>
  <testcase name="TestCatSound" classname="AnimalTests" time="0.0"/>
  <testcase name="TestDogSound" classname="AnimalTests" time="0.0"/>
  <testcase name="TestCatEats" classname="AnimalTests" time="0.0"/>
  <system-out><![CDATA[]]></system-out>
  <system-err><![CDATA[]]></system-err>
</testsuite>
