<?xml version="1.0" encoding="UTF-8"?>
<testsuite name="AnimalTests" tests="1" skipped="0" failures="0" errors="0" timestamp="2020-02-12T12:25:47" hostname="admin1-ThinkCentre-M72e" time="0.002">
  <properties/>
  <testcase name="TestDogSound" classname="AnimalTests" time="0.002"/>
  <system-out><![CDATA[]]></system-out>
  <system-err><![CDATA[]]></system-err>
</testsuite>
